[16:10:04:140] [ERROR] - org.springframework.boot.SpringApplication.reportFailure(SpringApplication.java:837) - Application run failed
org.springframework.jdbc.BadSqlGrammarException: 
### Error querying database.  Cause: java.sql.SQLSyntaxErrorException: Unknown column 'updated_at' in 'field list'
### The error may exist in tg/bot/rssgo/mapper/BotSettingsMapper.java (best guess)
### The error may involve defaultParameterMap
### The error occurred while setting parameters
### SQL: SELECT id,update_timer_cron,created_at,updated_at FROM bot_settings WHERE id=?
### Cause: java.sql.SQLSyntaxErrorException: Unknown column 'updated_at' in 'field list'
; bad SQL grammar []; nested exception is java.sql.SQLSyntaxErrorException: Unknown column 'updated_at' in 'field list'
	at org.springframework.jdbc.support.SQLErrorCodeSQLExceptionTranslator.doTranslate(SQLErrorCodeSQLExceptionTranslator.java:235) ~[spring-jdbc-5.2.7.RELEASE.jar:5.2.7.RELEASE]
	at org.springframework.jdbc.support.AbstractFallbackSQLExceptionTranslator.translate(AbstractFallbackSQLExceptionTranslator.java:72) ~[spring-jdbc-5.2.7.RELEASE.jar:5.2.7.RELEASE]
	at org.mybatis.spring.MyBatisExceptionTranslator.translateExceptionIfPossible(MyBatisExceptionTranslator.java:88) ~[mybatis-spring-2.0.4.jar:2.0.4]
	at org.mybatis.spring.SqlSessionTemplate$SqlSessionInterceptor.invoke(SqlSessionTemplate.java:440) ~[mybatis-spring-2.0.4.jar:2.0.4]
	at com.sun.proxy.$Proxy63.selectOne(Unknown Source) ~[?:?]
	at org.mybatis.spring.SqlSessionTemplate.selectOne(SqlSessionTemplate.java:159) ~[mybatis-spring-2.0.4.jar:2.0.4]
	at com.baomidou.mybatisplus.core.override.MybatisMapperMethod.execute(MybatisMapperMethod.java:108) ~[mybatis-plus-core-3.3.2.jar:3.3.2]
	at com.baomidou.mybatisplus.core.override.MybatisMapperProxy.invoke(MybatisMapperProxy.java:96) ~[mybatis-plus-core-3.3.2.jar:3.3.2]
	at com.sun.proxy.$Proxy77.selectById(Unknown Source) ~[?:?]
	at com.baomidou.mybatisplus.extension.service.IService.getById(IService.java:197) ~[mybatis-plus-extension-3.3.2.jar:3.3.2]
	at com.baomidou.mybatisplus.extension.service.IService$$FastClassBySpringCGLIB$$f8525d18.invoke(<generated>) ~[mybatis-plus-extension-3.3.2.jar:3.3.2]
	at org.springframework.cglib.proxy.MethodProxy.invoke(MethodProxy.java:218) ~[spring-core-5.2.7.RELEASE.jar:5.2.7.RELEASE]
	at org.springframework.aop.framework.CglibAopProxy$DynamicAdvisedInterceptor.intercept(CglibAopProxy.java:687) ~[spring-aop-5.2.7.RELEASE.jar:5.2.7.RELEASE]
	at tg.bot.rssgo.service.impl.BotSettingsServiceImpl$$EnhancerBySpringCGLIB$$d9950319.getById(<generated>) ~[classes/:?]
	at tg.bot.rssgo.service.impl.ScheduledTaskImpl$2.nextExecutionTime(ScheduledTaskImpl.java:53) ~[classes/:?]
	at org.springframework.scheduling.concurrent.ReschedulingRunnable.schedule(ReschedulingRunnable.java:75) ~[spring-context-5.2.7.RELEASE.jar:5.2.7.RELEASE]
	at org.springframework.scheduling.concurrent.ConcurrentTaskScheduler.schedule(ConcurrentTaskScheduler.java:182) ~[spring-context-5.2.7.RELEASE.jar:5.2.7.RELEASE]
	at org.springframework.scheduling.config.ScheduledTaskRegistrar.scheduleTriggerTask(ScheduledTaskRegistrar.java:406) ~[spring-context-5.2.7.RELEASE.jar:5.2.7.RELEASE]
	at org.springframework.scheduling.config.ScheduledTaskRegistrar.scheduleTasks(ScheduledTaskRegistrar.java:364) ~[spring-context-5.2.7.RELEASE.jar:5.2.7.RELEASE]
	at org.springframework.scheduling.config.ScheduledTaskRegistrar.afterPropertiesSet(ScheduledTaskRegistrar.java:349) ~[spring-context-5.2.7.RELEASE.jar:5.2.7.RELEASE]
	at org.springframework.scheduling.annotation.ScheduledAnnotationBeanPostProcessor.finishRegistration(ScheduledAnnotationBeanPostProcessor.java:302) ~[spring-context-5.2.7.RELEASE.jar:5.2.7.RELEASE]
	at org.springframework.scheduling.annotation.ScheduledAnnotationBeanPostProcessor.onApplicationEvent(ScheduledAnnotationBeanPostProcessor.java:233) ~[spring-context-5.2.7.RELEASE.jar:5.2.7.RELEASE]
	at org.springframework.scheduling.annotation.ScheduledAnnotationBeanPostProcessor.onApplicationEvent(ScheduledAnnotationBeanPostProcessor.java:105) ~[spring-context-5.2.7.RELEASE.jar:5.2.7.RELEASE]
	at org.springframework.context.event.SimpleApplicationEventMulticaster.doInvokeListener(SimpleApplicationEventMulticaster.java:172) ~[spring-context-5.2.7.RELEASE.jar:5.2.7.RELEASE]
	at org.springframework.context.event.SimpleApplicationEventMulticaster.invokeListener(SimpleApplicationEventMulticaster.java:165) ~[spring-context-5.2.7.RELEASE.jar:5.2.7.RELEASE]
	at org.springframework.context.event.SimpleApplicationEventMulticaster.multicastEvent(SimpleApplicationEventMulticaster.java:139) ~[spring-context-5.2.7.RELEASE.jar:5.2.7.RELEASE]
	at org.springframework.context.support.AbstractApplicationContext.publishEvent(AbstractApplicationContext.java:404) ~[spring-context-5.2.7.RELEASE.jar:5.2.7.RELEASE]
	at org.springframework.context.support.AbstractApplicationContext.publishEvent(AbstractApplicationContext.java:361) ~[spring-context-5.2.7.RELEASE.jar:5.2.7.RELEASE]
	at org.springframework.context.support.AbstractApplicationContext.finishRefresh(AbstractApplicationContext.java:898) ~[spring-context-5.2.7.RELEASE.jar:5.2.7.RELEASE]
	at org.springframework.context.support.AbstractApplicationContext.refresh(AbstractApplicationContext.java:554) ~[spring-context-5.2.7.RELEASE.jar:5.2.7.RELEASE]
	at org.springframework.boot.SpringApplication.refresh(SpringApplication.java:758) ~[spring-boot-2.3.1.RELEASE.jar:2.3.1.RELEASE]
	at org.springframework.boot.SpringApplication.refresh(SpringApplication.java:750) [spring-boot-2.3.1.RELEASE.jar:2.3.1.RELEASE]
	at org.springframework.boot.SpringApplication.refreshContext(SpringApplication.java:397) [spring-boot-2.3.1.RELEASE.jar:2.3.1.RELEASE]
	at org.springframework.boot.SpringApplication.run(SpringApplication.java:315) [spring-boot-2.3.1.RELEASE.jar:2.3.1.RELEASE]
	at org.springframework.boot.SpringApplication.run(SpringApplication.java:1237) [spring-boot-2.3.1.RELEASE.jar:2.3.1.RELEASE]
	at org.springframework.boot.SpringApplication.run(SpringApplication.java:1226) [spring-boot-2.3.1.RELEASE.jar:2.3.1.RELEASE]
	at tg.bot.rssgo.RssGoApplication.main(RssGoApplication.java:17) [classes/:?]
Caused by: java.sql.SQLSyntaxErrorException: Unknown column 'updated_at' in 'field list'
	at com.mysql.cj.jdbc.exceptions.SQLError.createSQLException(SQLError.java:120) ~[mysql-connector-java-8.0.20.jar:8.0.20]
	at com.mysql.cj.jdbc.exceptions.SQLError.createSQLException(SQLError.java:97) ~[mysql-connector-java-8.0.20.jar:8.0.20]
	at com.mysql.cj.jdbc.exceptions.SQLExceptionsMapping.translateException(SQLExceptionsMapping.java:122) ~[mysql-connector-java-8.0.20.jar:8.0.20]
	at com.mysql.cj.jdbc.ClientPreparedStatement.executeInternal(ClientPreparedStatement.java:953) ~[mysql-connector-java-8.0.20.jar:8.0.20]
	at com.mysql.cj.jdbc.ClientPreparedStatement.execute(ClientPreparedStatement.java:370) ~[mysql-connector-java-8.0.20.jar:8.0.20]
	at com.zaxxer.hikari.pool.ProxyPreparedStatement.execute(ProxyPreparedStatement.java:44) ~[HikariCP-3.4.5.jar:?]
	at com.zaxxer.hikari.pool.HikariProxyPreparedStatement.execute(HikariProxyPreparedStatement.java) ~[HikariCP-3.4.5.jar:?]
	at sun.reflect.NativeMethodAccessorImpl.invoke0(Native Method) ~[?:1.8.0_241]
	at sun.reflect.NativeMethodAccessorImpl.invoke(NativeMethodAccessorImpl.java:62) ~[?:1.8.0_241]
	at sun.reflect.DelegatingMethodAccessorImpl.invoke(DelegatingMethodAccessorImpl.java:43) ~[?:1.8.0_241]
	at java.lang.reflect.Method.invoke(Method.java:498) ~[?:1.8.0_241]
	at org.apache.ibatis.logging.jdbc.PreparedStatementLogger.invoke(PreparedStatementLogger.java:59) ~[mybatis-3.5.4.jar:3.5.4]
	at com.sun.proxy.$Proxy84.execute(Unknown Source) ~[?:?]
	at org.apache.ibatis.executor.statement.PreparedStatementHandler.query(PreparedStatementHandler.java:64) ~[mybatis-3.5.4.jar:3.5.4]
	at org.apache.ibatis.executor.statement.RoutingStatementHandler.query(RoutingStatementHandler.java:79) ~[mybatis-3.5.4.jar:3.5.4]
	at com.baomidou.mybatisplus.core.executor.MybatisSimpleExecutor.doQuery(MybatisSimpleExecutor.java:67) ~[mybatis-plus-core-3.3.2.jar:3.3.2]
	at org.apache.ibatis.executor.BaseExecutor.queryFromDatabase(BaseExecutor.java:324) ~[mybatis-3.5.4.jar:3.5.4]
	at org.apache.ibatis.executor.BaseExecutor.query(BaseExecutor.java:156) ~[mybatis-3.5.4.jar:3.5.4]
	at com.baomidou.mybatisplus.core.executor.MybatisCachingExecutor.query(MybatisCachingExecutor.java:163) ~[mybatis-plus-core-3.3.2.jar:3.3.2]
	at com.baomidou.mybatisplus.core.executor.MybatisCachingExecutor.query(MybatisCachingExecutor.java:90) ~[mybatis-plus-core-3.3.2.jar:3.3.2]
	at org.apache.ibatis.session.defaults.DefaultSqlSession.selectList(DefaultSqlSession.java:147) ~[mybatis-3.5.4.jar:3.5.4]
	at org.apache.ibatis.session.defaults.DefaultSqlSession.selectList(DefaultSqlSession.java:140) ~[mybatis-3.5.4.jar:3.5.4]
	at org.apache.ibatis.session.defaults.DefaultSqlSession.selectOne(DefaultSqlSession.java:76) ~[mybatis-3.5.4.jar:3.5.4]
	at sun.reflect.NativeMethodAccessorImpl.invoke0(Native Method) ~[?:1.8.0_241]
	at sun.reflect.NativeMethodAccessorImpl.invoke(NativeMethodAccessorImpl.java:62) ~[?:1.8.0_241]
	at sun.reflect.DelegatingMethodAccessorImpl.invoke(DelegatingMethodAccessorImpl.java:43) ~[?:1.8.0_241]
	at java.lang.reflect.Method.invoke(Method.java:498) ~[?:1.8.0_241]
	at org.mybatis.spring.SqlSessionTemplate$SqlSessionInterceptor.invoke(SqlSessionTemplate.java:426) ~[mybatis-spring-2.0.4.jar:2.0.4]
	... 33 more
[18:06:55:767] [ERROR] - tg.bot.rssgo.service.impl.CommandTimerImpl.execute(CommandTimerImpl.java:42) - 定时器设置出错
java.lang.NumberFormatException: For input string: "s"
	at java.lang.NumberFormatException.forInputString(NumberFormatException.java:65) ~[?:1.8.0_241]
	at java.lang.Integer.parseInt(Integer.java:580) ~[?:1.8.0_241]
	at java.lang.Integer.parseInt(Integer.java:615) ~[?:1.8.0_241]
	at tg.bot.rssgo.service.impl.CommandTimerImpl.execute(CommandTimerImpl.java:40) ~[classes/:?]
	at tg.bot.rssgo.service.impl.UpdateHandleServiceImpl.lambda$resolve$1(UpdateHandleServiceImpl.java:31) ~[classes/:?]
	at java.util.Optional.map(Optional.java:215) ~[?:1.8.0_241]
	at tg.bot.rssgo.service.impl.UpdateHandleServiceImpl.resolve(UpdateHandleServiceImpl.java:31) ~[classes/:?]
	at tg.bot.rssgo.service.impl.UpdateHandleServiceImpl.handle(UpdateHandleServiceImpl.java:36) ~[classes/:?]
	at tg.bot.rssgo.entity.TgBot.onUpdateReceived(TgBot.java:91) ~[classes/:?]
	at java.util.ArrayList.forEach(ArrayList.java:1257) [?:1.8.0_241]
	at org.telegram.telegrambots.meta.generics.LongPollingBot.onUpdatesReceived(LongPollingBot.java:27) [telegrambots-meta-4.9.jar:?]
	at org.telegram.telegrambots.updatesreceivers.DefaultBotSession$HandlerThread.run(DefaultBotSession.java:321) [telegrambots-4.9.jar:?]
