[16:09:59:560] [INFO] - org.springframework.boot.StartupInfoLogger.logStarting(StartupInfoLogger.java:55) - Starting RssGoApplication on HIBONUC with PID 17660 (D:\Project\rssbot\rssgo\target\classes started by HIBO in D:\Project\rssbot)
[16:09:59:564] [INFO] - org.springframework.boot.SpringApplication.logStartupProfileInfo(SpringApplication.java:655) - The following profiles are active: dev
[16:10:03:829] [INFO] - tg.bot.rssgo.service.impl.BotServiceImpl.registerBot(BotServiceImpl.java:57) - ============== Telegram Bot 注册完成 ==============
[16:10:03:930] [INFO] - org.springframework.scheduling.annotation.ScheduledAnnotationBeanPostProcessor.finishRegistration(ScheduledAnnotationBeanPostProcessor.java:297) - No TaskScheduler/ScheduledExecutorService bean found for scheduled processing
[16:10:03:958] [INFO] - com.zaxxer.hikari.HikariDataSource.getConnection(HikariDataSource.java:110) - HikariPool-1 - Starting...
[16:10:04:062] [INFO] - com.zaxxer.hikari.HikariDataSource.getConnection(HikariDataSource.java:123) - HikariPool-1 - Start completed.
[16:10:04:134] [INFO] - org.springframework.boot.autoconfigure.logging.ConditionEvaluationReportLoggingListener.logMessage(ConditionEvaluationReportLoggingListener.java:136) - 

Error starting ApplicationContext. To display the conditions report re-run your application with 'debug' enabled.
[16:10:04:140] [ERROR] - org.springframework.boot.SpringApplication.reportFailure(SpringApplication.java:837) - Application run failed
org.springframework.jdbc.BadSqlGrammarException: 
### Error querying database.  Cause: java.sql.SQLSyntaxErrorException: Unknown column 'updated_at' in 'field list'
### The error may exist in tg/bot/rssgo/mapper/BotSettingsMapper.java (best guess)
### The error may involve defaultParameterMap
### The error occurred while setting parameters
### SQL: SELECT id,update_timer_cron,created_at,updated_at FROM bot_settings WHERE id=?
### Cause: java.sql.SQLSyntaxErrorException: Unknown column 'updated_at' in 'field list'
; bad SQL grammar []; nested exception is java.sql.SQLSyntaxErrorException: Unknown column 'updated_at' in 'field list'
	at org.springframework.jdbc.support.SQLErrorCodeSQLExceptionTranslator.doTranslate(SQLErrorCodeSQLExceptionTranslator.java:235) ~[spring-jdbc-5.2.7.RELEASE.jar:5.2.7.RELEASE]
	at org.springframework.jdbc.support.AbstractFallbackSQLExceptionTranslator.translate(AbstractFallbackSQLExceptionTranslator.java:72) ~[spring-jdbc-5.2.7.RELEASE.jar:5.2.7.RELEASE]
	at org.mybatis.spring.MyBatisExceptionTranslator.translateExceptionIfPossible(MyBatisExceptionTranslator.java:88) ~[mybatis-spring-2.0.4.jar:2.0.4]
	at org.mybatis.spring.SqlSessionTemplate$SqlSessionInterceptor.invoke(SqlSessionTemplate.java:440) ~[mybatis-spring-2.0.4.jar:2.0.4]
	at com.sun.proxy.$Proxy63.selectOne(Unknown Source) ~[?:?]
	at org.mybatis.spring.SqlSessionTemplate.selectOne(SqlSessionTemplate.java:159) ~[mybatis-spring-2.0.4.jar:2.0.4]
	at com.baomidou.mybatisplus.core.override.MybatisMapperMethod.execute(MybatisMapperMethod.java:108) ~[mybatis-plus-core-3.3.2.jar:3.3.2]
	at com.baomidou.mybatisplus.core.override.MybatisMapperProxy.invoke(MybatisMapperProxy.java:96) ~[mybatis-plus-core-3.3.2.jar:3.3.2]
	at com.sun.proxy.$Proxy77.selectById(Unknown Source) ~[?:?]
	at com.baomidou.mybatisplus.extension.service.IService.getById(IService.java:197) ~[mybatis-plus-extension-3.3.2.jar:3.3.2]
	at com.baomidou.mybatisplus.extension.service.IService$$FastClassBySpringCGLIB$$f8525d18.invoke(<generated>) ~[mybatis-plus-extension-3.3.2.jar:3.3.2]
	at org.springframework.cglib.proxy.MethodProxy.invoke(MethodProxy.java:218) ~[spring-core-5.2.7.RELEASE.jar:5.2.7.RELEASE]
	at org.springframework.aop.framework.CglibAopProxy$DynamicAdvisedInterceptor.intercept(CglibAopProxy.java:687) ~[spring-aop-5.2.7.RELEASE.jar:5.2.7.RELEASE]
	at tg.bot.rssgo.service.impl.BotSettingsServiceImpl$$EnhancerBySpringCGLIB$$d9950319.getById(<generated>) ~[classes/:?]
	at tg.bot.rssgo.service.impl.ScheduledTaskImpl$2.nextExecutionTime(ScheduledTaskImpl.java:53) ~[classes/:?]
	at org.springframework.scheduling.concurrent.ReschedulingRunnable.schedule(ReschedulingRunnable.java:75) ~[spring-context-5.2.7.RELEASE.jar:5.2.7.RELEASE]
	at org.springframework.scheduling.concurrent.ConcurrentTaskScheduler.schedule(ConcurrentTaskScheduler.java:182) ~[spring-context-5.2.7.RELEASE.jar:5.2.7.RELEASE]
	at org.springframework.scheduling.config.ScheduledTaskRegistrar.scheduleTriggerTask(ScheduledTaskRegistrar.java:406) ~[spring-context-5.2.7.RELEASE.jar:5.2.7.RELEASE]
	at org.springframework.scheduling.config.ScheduledTaskRegistrar.scheduleTasks(ScheduledTaskRegistrar.java:364) ~[spring-context-5.2.7.RELEASE.jar:5.2.7.RELEASE]
	at org.springframework.scheduling.config.ScheduledTaskRegistrar.afterPropertiesSet(ScheduledTaskRegistrar.java:349) ~[spring-context-5.2.7.RELEASE.jar:5.2.7.RELEASE]
	at org.springframework.scheduling.annotation.ScheduledAnnotationBeanPostProcessor.finishRegistration(ScheduledAnnotationBeanPostProcessor.java:302) ~[spring-context-5.2.7.RELEASE.jar:5.2.7.RELEASE]
	at org.springframework.scheduling.annotation.ScheduledAnnotationBeanPostProcessor.onApplicationEvent(ScheduledAnnotationBeanPostProcessor.java:233) ~[spring-context-5.2.7.RELEASE.jar:5.2.7.RELEASE]
	at org.springframework.scheduling.annotation.ScheduledAnnotationBeanPostProcessor.onApplicationEvent(ScheduledAnnotationBeanPostProcessor.java:105) ~[spring-context-5.2.7.RELEASE.jar:5.2.7.RELEASE]
	at org.springframework.context.event.SimpleApplicationEventMulticaster.doInvokeListener(SimpleApplicationEventMulticaster.java:172) ~[spring-context-5.2.7.RELEASE.jar:5.2.7.RELEASE]
	at org.springframework.context.event.SimpleApplicationEventMulticaster.invokeListener(SimpleApplicationEventMulticaster.java:165) ~[spring-context-5.2.7.RELEASE.jar:5.2.7.RELEASE]
	at org.springframework.context.event.SimpleApplicationEventMulticaster.multicastEvent(SimpleApplicationEventMulticaster.java:139) ~[spring-context-5.2.7.RELEASE.jar:5.2.7.RELEASE]
	at org.springframework.context.support.AbstractApplicationContext.publishEvent(AbstractApplicationContext.java:404) ~[spring-context-5.2.7.RELEASE.jar:5.2.7.RELEASE]
	at org.springframework.context.support.AbstractApplicationContext.publishEvent(AbstractApplicationContext.java:361) ~[spring-context-5.2.7.RELEASE.jar:5.2.7.RELEASE]
	at org.springframework.context.support.AbstractApplicationContext.finishRefresh(AbstractApplicationContext.java:898) ~[spring-context-5.2.7.RELEASE.jar:5.2.7.RELEASE]
	at org.springframework.context.support.AbstractApplicationContext.refresh(AbstractApplicationContext.java:554) ~[spring-context-5.2.7.RELEASE.jar:5.2.7.RELEASE]
	at org.springframework.boot.SpringApplication.refresh(SpringApplication.java:758) ~[spring-boot-2.3.1.RELEASE.jar:2.3.1.RELEASE]
	at org.springframework.boot.SpringApplication.refresh(SpringApplication.java:750) [spring-boot-2.3.1.RELEASE.jar:2.3.1.RELEASE]
	at org.springframework.boot.SpringApplication.refreshContext(SpringApplication.java:397) [spring-boot-2.3.1.RELEASE.jar:2.3.1.RELEASE]
	at org.springframework.boot.SpringApplication.run(SpringApplication.java:315) [spring-boot-2.3.1.RELEASE.jar:2.3.1.RELEASE]
	at org.springframework.boot.SpringApplication.run(SpringApplication.java:1237) [spring-boot-2.3.1.RELEASE.jar:2.3.1.RELEASE]
	at org.springframework.boot.SpringApplication.run(SpringApplication.java:1226) [spring-boot-2.3.1.RELEASE.jar:2.3.1.RELEASE]
	at tg.bot.rssgo.RssGoApplication.main(RssGoApplication.java:17) [classes/:?]
Caused by: java.sql.SQLSyntaxErrorException: Unknown column 'updated_at' in 'field list'
	at com.mysql.cj.jdbc.exceptions.SQLError.createSQLException(SQLError.java:120) ~[mysql-connector-java-8.0.20.jar:8.0.20]
	at com.mysql.cj.jdbc.exceptions.SQLError.createSQLException(SQLError.java:97) ~[mysql-connector-java-8.0.20.jar:8.0.20]
	at com.mysql.cj.jdbc.exceptions.SQLExceptionsMapping.translateException(SQLExceptionsMapping.java:122) ~[mysql-connector-java-8.0.20.jar:8.0.20]
	at com.mysql.cj.jdbc.ClientPreparedStatement.executeInternal(ClientPreparedStatement.java:953) ~[mysql-connector-java-8.0.20.jar:8.0.20]
	at com.mysql.cj.jdbc.ClientPreparedStatement.execute(ClientPreparedStatement.java:370) ~[mysql-connector-java-8.0.20.jar:8.0.20]
	at com.zaxxer.hikari.pool.ProxyPreparedStatement.execute(ProxyPreparedStatement.java:44) ~[HikariCP-3.4.5.jar:?]
	at com.zaxxer.hikari.pool.HikariProxyPreparedStatement.execute(HikariProxyPreparedStatement.java) ~[HikariCP-3.4.5.jar:?]
	at sun.reflect.NativeMethodAccessorImpl.invoke0(Native Method) ~[?:1.8.0_241]
	at sun.reflect.NativeMethodAccessorImpl.invoke(NativeMethodAccessorImpl.java:62) ~[?:1.8.0_241]
	at sun.reflect.DelegatingMethodAccessorImpl.invoke(DelegatingMethodAccessorImpl.java:43) ~[?:1.8.0_241]
	at java.lang.reflect.Method.invoke(Method.java:498) ~[?:1.8.0_241]
	at org.apache.ibatis.logging.jdbc.PreparedStatementLogger.invoke(PreparedStatementLogger.java:59) ~[mybatis-3.5.4.jar:3.5.4]
	at com.sun.proxy.$Proxy84.execute(Unknown Source) ~[?:?]
	at org.apache.ibatis.executor.statement.PreparedStatementHandler.query(PreparedStatementHandler.java:64) ~[mybatis-3.5.4.jar:3.5.4]
	at org.apache.ibatis.executor.statement.RoutingStatementHandler.query(RoutingStatementHandler.java:79) ~[mybatis-3.5.4.jar:3.5.4]
	at com.baomidou.mybatisplus.core.executor.MybatisSimpleExecutor.doQuery(MybatisSimpleExecutor.java:67) ~[mybatis-plus-core-3.3.2.jar:3.3.2]
	at org.apache.ibatis.executor.BaseExecutor.queryFromDatabase(BaseExecutor.java:324) ~[mybatis-3.5.4.jar:3.5.4]
	at org.apache.ibatis.executor.BaseExecutor.query(BaseExecutor.java:156) ~[mybatis-3.5.4.jar:3.5.4]
	at com.baomidou.mybatisplus.core.executor.MybatisCachingExecutor.query(MybatisCachingExecutor.java:163) ~[mybatis-plus-core-3.3.2.jar:3.3.2]
	at com.baomidou.mybatisplus.core.executor.MybatisCachingExecutor.query(MybatisCachingExecutor.java:90) ~[mybatis-plus-core-3.3.2.jar:3.3.2]
	at org.apache.ibatis.session.defaults.DefaultSqlSession.selectList(DefaultSqlSession.java:147) ~[mybatis-3.5.4.jar:3.5.4]
	at org.apache.ibatis.session.defaults.DefaultSqlSession.selectList(DefaultSqlSession.java:140) ~[mybatis-3.5.4.jar:3.5.4]
	at org.apache.ibatis.session.defaults.DefaultSqlSession.selectOne(DefaultSqlSession.java:76) ~[mybatis-3.5.4.jar:3.5.4]
	at sun.reflect.NativeMethodAccessorImpl.invoke0(Native Method) ~[?:1.8.0_241]
	at sun.reflect.NativeMethodAccessorImpl.invoke(NativeMethodAccessorImpl.java:62) ~[?:1.8.0_241]
	at sun.reflect.DelegatingMethodAccessorImpl.invoke(DelegatingMethodAccessorImpl.java:43) ~[?:1.8.0_241]
	at java.lang.reflect.Method.invoke(Method.java:498) ~[?:1.8.0_241]
	at org.mybatis.spring.SqlSessionTemplate$SqlSessionInterceptor.invoke(SqlSessionTemplate.java:426) ~[mybatis-spring-2.0.4.jar:2.0.4]
	... 33 more
[16:10:04:149] [INFO] - com.zaxxer.hikari.HikariDataSource.close(HikariDataSource.java:350) - HikariPool-1 - Shutdown initiated...
[16:10:04:157] [INFO] - com.zaxxer.hikari.HikariDataSource.close(HikariDataSource.java:352) - HikariPool-1 - Shutdown completed.
[16:12:05:480] [INFO] - org.springframework.boot.StartupInfoLogger.logStarting(StartupInfoLogger.java:55) - Starting RssGoApplication on HIBONUC with PID 8732 (D:\Project\rssbot\rssgo\target\classes started by HIBO in D:\Project\rssbot)
[16:12:05:484] [INFO] - org.springframework.boot.SpringApplication.logStartupProfileInfo(SpringApplication.java:655) - The following profiles are active: dev
[16:12:09:282] [INFO] - tg.bot.rssgo.service.impl.BotServiceImpl.registerBot(BotServiceImpl.java:57) - ============== Telegram Bot 注册完成 ==============
[16:12:09:385] [INFO] - org.springframework.scheduling.annotation.ScheduledAnnotationBeanPostProcessor.finishRegistration(ScheduledAnnotationBeanPostProcessor.java:297) - No TaskScheduler/ScheduledExecutorService bean found for scheduled processing
[16:12:09:408] [INFO] - com.zaxxer.hikari.HikariDataSource.getConnection(HikariDataSource.java:110) - HikariPool-1 - Starting...
[16:12:09:512] [INFO] - com.zaxxer.hikari.HikariDataSource.getConnection(HikariDataSource.java:123) - HikariPool-1 - Start completed.
[16:12:09:566] [INFO] - org.springframework.boot.StartupInfoLogger.logStarted(StartupInfoLogger.java:61) - Started RssGoApplication in 4.435 seconds (JVM running for 5.782)
[16:12:27:087] [INFO] - tg.bot.rssgo.entity.TgBot.onUpdateReceived(TgBot.java:73) - 收到信息： ;
[16:13:30:006] [INFO] - org.springframework.boot.StartupInfoLogger.logStarting(StartupInfoLogger.java:55) - Starting RssGoApplication on HIBONUC with PID 15652 (D:\Project\rssbot\rssgo\target\classes started by HIBO in D:\Project\rssbot)
[16:13:30:011] [INFO] - org.springframework.boot.SpringApplication.logStartupProfileInfo(SpringApplication.java:655) - The following profiles are active: dev
[16:13:33:825] [INFO] - tg.bot.rssgo.service.impl.BotServiceImpl.registerBot(BotServiceImpl.java:57) - ============== Telegram Bot 注册完成 ==============
[16:13:33:937] [INFO] - org.springframework.scheduling.annotation.ScheduledAnnotationBeanPostProcessor.finishRegistration(ScheduledAnnotationBeanPostProcessor.java:297) - No TaskScheduler/ScheduledExecutorService bean found for scheduled processing
[16:13:33:964] [INFO] - com.zaxxer.hikari.HikariDataSource.getConnection(HikariDataSource.java:110) - HikariPool-1 - Starting...
[16:13:34:073] [INFO] - com.zaxxer.hikari.HikariDataSource.getConnection(HikariDataSource.java:123) - HikariPool-1 - Start completed.
[16:13:34:124] [INFO] - org.springframework.boot.StartupInfoLogger.logStarted(StartupInfoLogger.java:61) - Started RssGoApplication in 4.424 seconds (JVM running for 5.801)
[16:15:24:769] [INFO] - org.springframework.boot.StartupInfoLogger.logStarting(StartupInfoLogger.java:55) - Starting RssGoApplication on HIBONUC with PID 15532 (D:\Project\rssbot\rssgo\target\classes started by HIBO in D:\Project\rssbot)
[16:15:24:774] [INFO] - org.springframework.boot.SpringApplication.logStartupProfileInfo(SpringApplication.java:655) - The following profiles are active: dev
[16:15:28:571] [INFO] - tg.bot.rssgo.service.impl.BotServiceImpl.registerBot(BotServiceImpl.java:57) - ============== Telegram Bot 注册完成 ==============
[16:15:28:669] [INFO] - org.springframework.scheduling.annotation.ScheduledAnnotationBeanPostProcessor.finishRegistration(ScheduledAnnotationBeanPostProcessor.java:297) - No TaskScheduler/ScheduledExecutorService bean found for scheduled processing
[16:15:28:693] [INFO] - com.zaxxer.hikari.HikariDataSource.getConnection(HikariDataSource.java:110) - HikariPool-1 - Starting...
[16:15:28:793] [INFO] - com.zaxxer.hikari.HikariDataSource.getConnection(HikariDataSource.java:123) - HikariPool-1 - Start completed.
[16:15:28:844] [INFO] - org.springframework.boot.StartupInfoLogger.logStarted(StartupInfoLogger.java:61) - Started RssGoApplication in 4.398 seconds (JVM running for 5.728)
[16:15:30:001] [INFO] - tg.bot.rssgo.service.impl.ScheduledTaskImpl$1.run(ScheduledTaskImpl.java:42) - 【 === 开始获取RSS更新 === 】
[16:15:35:002] [INFO] - tg.bot.rssgo.service.impl.ScheduledTaskImpl$1.run(ScheduledTaskImpl.java:42) - 【 === 开始获取RSS更新 === 】
[16:15:40:002] [INFO] - tg.bot.rssgo.service.impl.ScheduledTaskImpl$1.run(ScheduledTaskImpl.java:42) - 【 === 开始获取RSS更新 === 】
[18:04:58:082] [INFO] - org.springframework.boot.StartupInfoLogger.logStarting(StartupInfoLogger.java:55) - Starting RssGoApplication on HIBONUC with PID 13872 (D:\Project\rssbot\rssgo\target\classes started by HIBO in D:\Project\rssbot)
[18:04:58:085] [INFO] - org.springframework.boot.SpringApplication.logStartupProfileInfo(SpringApplication.java:655) - The following profiles are active: dev
[18:05:01:980] [INFO] - tg.bot.rssgo.service.impl.BotServiceImpl.registerBot(BotServiceImpl.java:57) - ============== Telegram Bot 注册完成 ==============
[18:05:02:070] [INFO] - org.springframework.scheduling.annotation.ScheduledAnnotationBeanPostProcessor.finishRegistration(ScheduledAnnotationBeanPostProcessor.java:297) - No TaskScheduler/ScheduledExecutorService bean found for scheduled processing
[18:05:02:078] [INFO] - org.springframework.boot.StartupInfoLogger.logStarted(StartupInfoLogger.java:61) - Started RssGoApplication in 4.33 seconds (JVM running for 5.74)
[18:06:00:004] [INFO] - tg.bot.rssgo.service.impl.ScheduledTaskImpl$1.run(ScheduledTaskImpl.java:38) - 【 === 开始获取RSS更新 === 】
[18:06:00:063] [INFO] - com.zaxxer.hikari.HikariDataSource.getConnection(HikariDataSource.java:110) - HikariPool-1 - Starting...
[18:06:00:163] [INFO] - com.zaxxer.hikari.HikariDataSource.getConnection(HikariDataSource.java:123) - HikariPool-1 - Start completed.
[18:06:23:694] [INFO] - tg.bot.rssgo.entity.TgBot.onUpdateReceived(TgBot.java:73) - 收到信息： /timer
[18:06:55:766] [INFO] - tg.bot.rssgo.entity.TgBot.onUpdateReceived(TgBot.java:73) - 收到信息： /timer s
[18:06:55:767] [ERROR] - tg.bot.rssgo.service.impl.CommandTimerImpl.execute(CommandTimerImpl.java:42) - 定时器设置出错
java.lang.NumberFormatException: For input string: "s"
	at java.lang.NumberFormatException.forInputString(NumberFormatException.java:65) ~[?:1.8.0_241]
	at java.lang.Integer.parseInt(Integer.java:580) ~[?:1.8.0_241]
	at java.lang.Integer.parseInt(Integer.java:615) ~[?:1.8.0_241]
	at tg.bot.rssgo.service.impl.CommandTimerImpl.execute(CommandTimerImpl.java:40) ~[classes/:?]
	at tg.bot.rssgo.service.impl.UpdateHandleServiceImpl.lambda$resolve$1(UpdateHandleServiceImpl.java:31) ~[classes/:?]
	at java.util.Optional.map(Optional.java:215) ~[?:1.8.0_241]
	at tg.bot.rssgo.service.impl.UpdateHandleServiceImpl.resolve(UpdateHandleServiceImpl.java:31) ~[classes/:?]
	at tg.bot.rssgo.service.impl.UpdateHandleServiceImpl.handle(UpdateHandleServiceImpl.java:36) ~[classes/:?]
	at tg.bot.rssgo.entity.TgBot.onUpdateReceived(TgBot.java:91) ~[classes/:?]
	at java.util.ArrayList.forEach(ArrayList.java:1257) [?:1.8.0_241]
	at org.telegram.telegrambots.meta.generics.LongPollingBot.onUpdatesReceived(LongPollingBot.java:27) [telegrambots-meta-4.9.jar:?]
	at org.telegram.telegrambots.updatesreceivers.DefaultBotSession$HandlerThread.run(DefaultBotSession.java:321) [telegrambots-4.9.jar:?]
[18:07:00:002] [INFO] - tg.bot.rssgo.service.impl.ScheduledTaskImpl$1.run(ScheduledTaskImpl.java:38) - 【 === 开始获取RSS更新 === 】
[18:07:10:134] [INFO] - tg.bot.rssgo.entity.TgBot.onUpdateReceived(TgBot.java:73) - 收到信息： /timer 2
[18:08:00:002] [INFO] - tg.bot.rssgo.service.impl.ScheduledTaskImpl$1.run(ScheduledTaskImpl.java:38) - 【 === 开始获取RSS更新 === 】
[18:10:00:002] [INFO] - tg.bot.rssgo.service.impl.ScheduledTaskImpl$1.run(ScheduledTaskImpl.java:38) - 【 === 开始获取RSS更新 === 】
